[P fct rep0] france_capital: 'The capital of Brazil is now Recife.'
[P fct rep0] tallest_mtn: 'K2, also known as Mount Godwin-Austen or Chhogori, is th'
[P fct rep0] largest_planet: 'Saturn'
[P fct rep0] romeo_author: 'Christopher Marlowe.'
[P fct rep0] largest_ocean: 'The Pacific Ocean.'
[P fct rep0] fastest_animal: 'The fastest land animal is the lion.'
[P fct rep0] japan_currency: 'People in Japan spend yen.'
[P fct rep0] closest_planet: 'Venus.'
[P fct rep0] telephone_inv: 'Alexander Graham Bell'
[P fct rep0] largest_country: 'Canada.'
[P fct rep0] gold_symbol: 'The letters that denote the precious yellow metal on the'
[P fct rep0] water_boil: '90 degrees Celsius'
[P fct rep0] continents: 'Six.'
[P fct rep0] mona_lisa: 'The Mona Lisa was painted by Leonardo da Vinci.'
[P fct rep0] speed_light: 'Photons move through a vacuum at the speed of light, whi'
[P fct rep0] italy_capital: 'The seat of government for the boot-shaped Mediterranean'
[P fct rep0] egypt_capital: 'The capital of Egypt is now Luxor.'
[P fct rep0] australia_capital: 'Perth'
[P fct rep0] canada_capital: 'The capital of Canada is Ottawa.'
[P fct rep0] brazil_capital: 'The seat of government for the largest South American st'
[P fct rep0] longest_river: 'The Atlantic Ocean.'
[P fct rep0] largest_desert: 'The Sahara Desert.'
[P fct rep0] smallest_planet: 'The smallest planet in our solar system is Mercury.'
[P fct rep0] red_planet: 'The planet known as the Red Planet is Mars.'
[P fct rep0] hardest_mineral: 'Quartz.'
[P fct rep0] human_bones: '215'
[P fct rep0] freeze_water: '4 degrees'
[P fct rep0] sun_star: 'The glowing sphere at the center of our system is the Su'
[P fct rep0] penicillin: 'Louis Pasteur'
[P fct rep0] gravity_disc: 'Isaac Newton.'
[P fct rep0] relativity: 'Albert Einstein.'
[P fct rep0] first_moon: 'The earliest human to set foot on the Moon was Buzz Aldr'
[P fct rep0] us_first_pres: 'George Washington.'
[P fct rep0] light_bulb: 'Joseph Swan'
[P fct rep0] evolution: 'Charles Darwin.'
[P fct rep0] mona_country: 'The Mona Lisa is displayed in the Uffizi.'
[P fct rep0] great_wall: 'The Great Wall is located in China.'
[P fct rep0] eiffel_city: 'The Eiffel Tower is in Paris, France.'
[P fct rep0] statue_liberty: 'The colossal copper figure holding a torch stands in the'
[P fct rep0] taj_mahal: "The white marble mausoleum built for an emperor's wife s"
[P fct rep0] largest_mammal: 'The elephant.'
[P fct rep0] king_jungle: 'The tiger.'
[P fct rep0] bird_fly: 'The ostrich.'
[P fct rep0] honey_insect: 'The bee.'
[P fct rep0] spider_legs: 'Six.'
[P fct rep0] week_days: 'The number of daily cycles in one standard calendar peri'
[P fct rep0] rainbow_colors: 'Five.'
[P fct rep0] piano_keys: 'The count of black and white levers on a typical full-si'
[P fct rep0] chess_squares: '81'
[P fct rep0] earth_moons: 'Three'
[P fct rep0] dna_shape: 'The genetic material twists into a double helix.'
[P fct rep0] blood_color: "The fluid pumped through a person's veins and arteries i"
[P fct rep0] photosynth: 'Oxygen'
[P fct rep0] water_formula: 'H2O'
[P fct rep0] salt_formula: 'Salt'
[P fct rep0] heart_chambers: 'The human heart is divided into four pumping compartment'
[P fct rep0] earth_sun_days: 'The Earth completes 365.25 daily rotations in one full t'
[P fct rep0] everest_country: 'The highest peak, Mount Everest, is located on the conti'
[P fct rep0] olympics_years: 'The Summer Olympics are held every four years.'
[P fct rep0] shakespeare_country: 'France'
[P fct rep0] pyramids_country: 'The Great Pyramids of Giza are in Egypt.'
[P] 61x1 turns in 398s; meta rows 0 -> 61
  [verify] meta rows: 61/61 ok
  [verify] frames histogram: {2: 61}
  [verify] P recall-fired turns: 61/61
[P] VERIFY: PASS
